[2022-08-25T01:30:00,868][INFO ][o.e.x.s.SnapshotRetentionTask] [ENGAGE-POC-DEV] starting SLM retention snapshot cleanup task
[2022-08-25T01:30:00,900][INFO ][o.e.x.s.SnapshotRetentionTask] [ENGAGE-POC-DEV] there are no repositories to fetch, SLM retention snapshot cleanup task complete
[2022-08-25T06:40:19,083][INFO ][o.e.n.Node               ] [ENGAGE-POC-DEV] version[7.16.3], pid[9416], build[default/zip/4e6e4eab2297e949ec994e688dad46290d018022/2022-01-06T23:43:02.825887787Z], OS[Windows Server 2019/10.0/amd64], JVM[Red Hat, Inc./OpenJDK 64-Bit Server VM/11.0.15/11.0.15+9-LTS]
[2022-08-25T06:40:19,083][INFO ][o.e.n.Node               ] [ENGAGE-POC-DEV] JVM home [C:\Program Files\RedHat\java-11-openjdk-11.0.15-4], using bundled JDK [false]
[2022-08-25T06:40:19,083][INFO ][o.e.n.Node               ] [ENGAGE-POC-DEV] JVM arguments [-Des.networkaddress.cache.ttl=60, -Des.networkaddress.cache.negative.ttl=10, -XX:+AlwaysPreTouch, -Xss1m, -Djava.awt.headless=true, -Dfile.encoding=UTF-8, -Djna.nosys=true, -XX:-OmitStackTraceInFastThrow, -Dio.netty.noUnsafe=true, -Dio.netty.noKeySetOptimization=true, -Dio.netty.recycler.maxCapacityPerThread=0, -Dio.netty.allocator.numDirectArenas=0, -Dlog4j.shutdownHookEnabled=false, -Dlog4j2.disable.jmx=true, -Dlog4j2.formatMsgNoLookups=true, -Djava.locale.providers=SPI,COMPAT, --add-opens=java.base/java.io=ALL-UNNAMED, -XX:+UseConcMarkSweepGC, -XX:CMSInitiatingOccupancyFraction=75, -XX:+UseCMSInitiatingOccupancyOnly, -Djava.io.tmpdir=C:\Users\ENGAGE~1\AppData\Local\Temp\2\elasticsearch, -XX:+HeapDumpOnOutOfMemoryError, -XX:+ExitOnOutOfMemoryError, -XX:HeapDumpPath=data, -XX:ErrorFile=logs/hs_err_pid%p.log, -Xlog:gc*,gc+age=trace,safepoint:file=logs/gc.log:utctime,pid,tags:filecount=32,filesize=64m, -Xms1024m, -Xmx1024m, -XX:MaxDirectMemorySize=536870912, -Delasticsearch, -Des.path.home=C:\setup\GEHFLO~1\elasticsearch, -Des.path.conf=C:\setup\GEHFLO~1\elasticsearch\config, -Des.distribution.flavor=default, -Des.distribution.type=zip, -Des.bundled_jdk=true]
[2022-08-25T06:40:40,744][INFO ][o.e.p.PluginsService     ] [ENGAGE-POC-DEV] loaded module [aggs-matrix-stats]
[2022-08-25T06:40:40,744][INFO ][o.e.p.PluginsService     ] [ENGAGE-POC-DEV] loaded module [analysis-common]
[2022-08-25T06:40:40,744][INFO ][o.e.p.PluginsService     ] [ENGAGE-POC-DEV] loaded module [constant-keyword]
[2022-08-25T06:40:40,744][INFO ][o.e.p.PluginsService     ] [ENGAGE-POC-DEV] loaded module [frozen-indices]
[2022-08-25T06:40:40,744][INFO ][o.e.p.PluginsService     ] [ENGAGE-POC-DEV] loaded module [ingest-common]
[2022-08-25T06:40:40,744][INFO ][o.e.p.PluginsService     ] [ENGAGE-POC-DEV] loaded module [ingest-geoip]
[2022-08-25T06:40:40,744][INFO ][o.e.p.PluginsService     ] [ENGAGE-POC-DEV] loaded module [ingest-user-agent]
[2022-08-25T06:40:40,744][INFO ][o.e.p.PluginsService     ] [ENGAGE-POC-DEV] loaded module [kibana]
[2022-08-25T06:40:40,760][INFO ][o.e.p.PluginsService     ] [ENGAGE-POC-DEV] loaded module [lang-expression]
[2022-08-25T06:40:40,760][INFO ][o.e.p.PluginsService     ] [ENGAGE-POC-DEV] loaded module [lang-mustache]
[2022-08-25T06:40:40,760][INFO ][o.e.p.PluginsService     ] [ENGAGE-POC-DEV] loaded module [lang-painless]
[2022-08-25T06:40:40,760][INFO ][o.e.p.PluginsService     ] [ENGAGE-POC-DEV] loaded module [legacy-geo]
[2022-08-25T06:40:40,760][INFO ][o.e.p.PluginsService     ] [ENGAGE-POC-DEV] loaded module [mapper-extras]
[2022-08-25T06:40:40,760][INFO ][o.e.p.PluginsService     ] [ENGAGE-POC-DEV] loaded module [mapper-version]
[2022-08-25T06:40:40,760][INFO ][o.e.p.PluginsService     ] [ENGAGE-POC-DEV] loaded module [parent-join]
[2022-08-25T06:40:40,760][INFO ][o.e.p.PluginsService     ] [ENGAGE-POC-DEV] loaded module [percolator]
[2022-08-25T06:40:40,760][INFO ][o.e.p.PluginsService     ] [ENGAGE-POC-DEV] loaded module [rank-eval]
[2022-08-25T06:40:40,760][INFO ][o.e.p.PluginsService     ] [ENGAGE-POC-DEV] loaded module [reindex]
[2022-08-25T06:40:40,760][INFO ][o.e.p.PluginsService     ] [ENGAGE-POC-DEV] loaded module [repositories-metering-api]
[2022-08-25T06:40:40,760][INFO ][o.e.p.PluginsService     ] [ENGAGE-POC-DEV] loaded module [repository-encrypted]
[2022-08-25T06:40:40,760][INFO ][o.e.p.PluginsService     ] [ENGAGE-POC-DEV] loaded module [repository-url]
[2022-08-25T06:40:40,760][INFO ][o.e.p.PluginsService     ] [ENGAGE-POC-DEV] loaded module [runtime-fields-common]
[2022-08-25T06:40:40,760][INFO ][o.e.p.PluginsService     ] [ENGAGE-POC-DEV] loaded module [search-business-rules]
[2022-08-25T06:40:40,760][INFO ][o.e.p.PluginsService     ] [ENGAGE-POC-DEV] loaded module [searchable-snapshots]
[2022-08-25T06:40:40,760][INFO ][o.e.p.PluginsService     ] [ENGAGE-POC-DEV] loaded module [snapshot-repo-test-kit]
[2022-08-25T06:40:40,760][INFO ][o.e.p.PluginsService     ] [ENGAGE-POC-DEV] loaded module [spatial]
[2022-08-25T06:40:40,760][INFO ][o.e.p.PluginsService     ] [ENGAGE-POC-DEV] loaded module [transform]
[2022-08-25T06:40:40,760][INFO ][o.e.p.PluginsService     ] [ENGAGE-POC-DEV] loaded module [transport-netty4]
[2022-08-25T06:40:40,760][INFO ][o.e.p.PluginsService     ] [ENGAGE-POC-DEV] loaded module [unsigned-long]
[2022-08-25T06:40:40,760][INFO ][o.e.p.PluginsService     ] [ENGAGE-POC-DEV] loaded module [vector-tile]
[2022-08-25T06:40:40,775][INFO ][o.e.p.PluginsService     ] [ENGAGE-POC-DEV] loaded module [vectors]
[2022-08-25T06:40:40,775][INFO ][o.e.p.PluginsService     ] [ENGAGE-POC-DEV] loaded module [wildcard]
[2022-08-25T06:40:40,775][INFO ][o.e.p.PluginsService     ] [ENGAGE-POC-DEV] loaded module [x-pack-aggregate-metric]
[2022-08-25T06:40:40,775][INFO ][o.e.p.PluginsService     ] [ENGAGE-POC-DEV] loaded module [x-pack-analytics]
[2022-08-25T06:40:40,775][INFO ][o.e.p.PluginsService     ] [ENGAGE-POC-DEV] loaded module [x-pack-async]
[2022-08-25T06:40:40,791][INFO ][o.e.p.PluginsService     ] [ENGAGE-POC-DEV] loaded module [x-pack-async-search]
[2022-08-25T06:40:40,791][INFO ][o.e.p.PluginsService     ] [ENGAGE-POC-DEV] loaded module [x-pack-autoscaling]
[2022-08-25T06:40:40,791][INFO ][o.e.p.PluginsService     ] [ENGAGE-POC-DEV] loaded module [x-pack-ccr]
[2022-08-25T06:40:40,791][INFO ][o.e.p.PluginsService     ] [ENGAGE-POC-DEV] loaded module [x-pack-core]
[2022-08-25T06:40:40,791][INFO ][o.e.p.PluginsService     ] [ENGAGE-POC-DEV] loaded module [x-pack-data-streams]
[2022-08-25T06:40:40,791][INFO ][o.e.p.PluginsService     ] [ENGAGE-POC-DEV] loaded module [x-pack-deprecation]
[2022-08-25T06:40:40,791][INFO ][o.e.p.PluginsService     ] [ENGAGE-POC-DEV] loaded module [x-pack-enrich]
[2022-08-25T06:40:40,791][INFO ][o.e.p.PluginsService     ] [ENGAGE-POC-DEV] loaded module [x-pack-eql]
[2022-08-25T06:40:40,807][INFO ][o.e.p.PluginsService     ] [ENGAGE-POC-DEV] loaded module [x-pack-fleet]
[2022-08-25T06:40:40,807][INFO ][o.e.p.PluginsService     ] [ENGAGE-POC-DEV] loaded module [x-pack-graph]
[2022-08-25T06:40:40,807][INFO ][o.e.p.PluginsService     ] [ENGAGE-POC-DEV] loaded module [x-pack-identity-provider]
[2022-08-25T06:40:40,807][INFO ][o.e.p.PluginsService     ] [ENGAGE-POC-DEV] loaded module [x-pack-ilm]
[2022-08-25T06:40:40,807][INFO ][o.e.p.PluginsService     ] [ENGAGE-POC-DEV] loaded module [x-pack-logstash]
[2022-08-25T06:40:40,807][INFO ][o.e.p.PluginsService     ] [ENGAGE-POC-DEV] loaded module [x-pack-ml]
[2022-08-25T06:40:40,807][INFO ][o.e.p.PluginsService     ] [ENGAGE-POC-DEV] loaded module [x-pack-monitoring]
[2022-08-25T06:40:40,807][INFO ][o.e.p.PluginsService     ] [ENGAGE-POC-DEV] loaded module [x-pack-ql]
[2022-08-25T06:40:40,807][INFO ][o.e.p.PluginsService     ] [ENGAGE-POC-DEV] loaded module [x-pack-rollup]
[2022-08-25T06:40:40,807][INFO ][o.e.p.PluginsService     ] [ENGAGE-POC-DEV] loaded module [x-pack-security]
[2022-08-25T06:40:40,807][INFO ][o.e.p.PluginsService     ] [ENGAGE-POC-DEV] loaded module [x-pack-shutdown]
[2022-08-25T06:40:40,807][INFO ][o.e.p.PluginsService     ] [ENGAGE-POC-DEV] loaded module [x-pack-sql]
[2022-08-25T06:40:40,807][INFO ][o.e.p.PluginsService     ] [ENGAGE-POC-DEV] loaded module [x-pack-stack]
[2022-08-25T06:40:40,807][INFO ][o.e.p.PluginsService     ] [ENGAGE-POC-DEV] loaded module [x-pack-text-structure]
[2022-08-25T06:40:40,807][INFO ][o.e.p.PluginsService     ] [ENGAGE-POC-DEV] loaded module [x-pack-voting-only-node]
[2022-08-25T06:40:40,822][INFO ][o.e.p.PluginsService     ] [ENGAGE-POC-DEV] loaded module [x-pack-watcher]
[2022-08-25T06:40:40,822][INFO ][o.e.p.PluginsService     ] [ENGAGE-POC-DEV] no plugins loaded
[2022-08-25T06:40:40,916][ERROR][o.e.b.Bootstrap          ] [ENGAGE-POC-DEV] Exception
java.lang.IllegalStateException: failed to obtain node locks, tried [[C:\setup\GEHFLO~1\elasticsearch\data]] with lock id [0]; maybe these locations are not writable or multiple nodes were started without increasing [node.max_local_storage_nodes] (was [1])?
	at org.elasticsearch.env.NodeEnvironment.<init>(NodeEnvironment.java:328) ~[elasticsearch-7.16.3.jar:7.16.3]
	at org.elasticsearch.node.Node.<init>(Node.java:427) ~[elasticsearch-7.16.3.jar:7.16.3]
	at org.elasticsearch.node.Node.<init>(Node.java:309) ~[elasticsearch-7.16.3.jar:7.16.3]
	at org.elasticsearch.bootstrap.Bootstrap$5.<init>(Bootstrap.java:234) ~[elasticsearch-7.16.3.jar:7.16.3]
	at org.elasticsearch.bootstrap.Bootstrap.setup(Bootstrap.java:234) ~[elasticsearch-7.16.3.jar:7.16.3]
	at org.elasticsearch.bootstrap.Bootstrap.init(Bootstrap.java:434) [elasticsearch-7.16.3.jar:7.16.3]
	at org.elasticsearch.bootstrap.Elasticsearch.init(Elasticsearch.java:166) [elasticsearch-7.16.3.jar:7.16.3]
	at org.elasticsearch.bootstrap.Elasticsearch.execute(Elasticsearch.java:157) [elasticsearch-7.16.3.jar:7.16.3]
	at org.elasticsearch.cli.EnvironmentAwareCommand.execute(EnvironmentAwareCommand.java:77) [elasticsearch-7.16.3.jar:7.16.3]
	at org.elasticsearch.cli.Command.mainWithoutErrorHandling(Command.java:112) [elasticsearch-cli-7.16.3.jar:7.16.3]
	at org.elasticsearch.cli.Command.main(Command.java:77) [elasticsearch-cli-7.16.3.jar:7.16.3]
	at org.elasticsearch.bootstrap.Elasticsearch.main(Elasticsearch.java:122) [elasticsearch-7.16.3.jar:7.16.3]
	at org.elasticsearch.bootstrap.Elasticsearch.main(Elasticsearch.java:80) [elasticsearch-7.16.3.jar:7.16.3]
[2022-08-25T06:40:40,932][ERROR][o.e.b.ElasticsearchUncaughtExceptionHandler] [ENGAGE-POC-DEV] uncaught exception in thread [main]
org.elasticsearch.bootstrap.StartupException: java.lang.IllegalStateException: failed to obtain node locks, tried [[C:\setup\GEHFLO~1\elasticsearch\data]] with lock id [0]; maybe these locations are not writable or multiple nodes were started without increasing [node.max_local_storage_nodes] (was [1])?
	at org.elasticsearch.bootstrap.Elasticsearch.init(Elasticsearch.java:170) ~[elasticsearch-7.16.3.jar:7.16.3]
	at org.elasticsearch.bootstrap.Elasticsearch.execute(Elasticsearch.java:157) ~[elasticsearch-7.16.3.jar:7.16.3]
	at org.elasticsearch.cli.EnvironmentAwareCommand.execute(EnvironmentAwareCommand.java:77) ~[elasticsearch-7.16.3.jar:7.16.3]
	at org.elasticsearch.cli.Command.mainWithoutErrorHandling(Command.java:112) ~[elasticsearch-cli-7.16.3.jar:7.16.3]
	at org.elasticsearch.cli.Command.main(Command.java:77) ~[elasticsearch-cli-7.16.3.jar:7.16.3]
	at org.elasticsearch.bootstrap.Elasticsearch.main(Elasticsearch.java:122) ~[elasticsearch-7.16.3.jar:7.16.3]
	at org.elasticsearch.bootstrap.Elasticsearch.main(Elasticsearch.java:80) ~[elasticsearch-7.16.3.jar:7.16.3]
Caused by: java.lang.IllegalStateException: failed to obtain node locks, tried [[C:\setup\GEHFLO~1\elasticsearch\data]] with lock id [0]; maybe these locations are not writable or multiple nodes were started without increasing [node.max_local_storage_nodes] (was [1])?
	at org.elasticsearch.env.NodeEnvironment.<init>(NodeEnvironment.java:328) ~[elasticsearch-7.16.3.jar:7.16.3]
	at org.elasticsearch.node.Node.<init>(Node.java:427) ~[elasticsearch-7.16.3.jar:7.16.3]
	at org.elasticsearch.node.Node.<init>(Node.java:309) ~[elasticsearch-7.16.3.jar:7.16.3]
	at org.elasticsearch.bootstrap.Bootstrap$5.<init>(Bootstrap.java:234) ~[elasticsearch-7.16.3.jar:7.16.3]
	at org.elasticsearch.bootstrap.Bootstrap.setup(Bootstrap.java:234) ~[elasticsearch-7.16.3.jar:7.16.3]
	at org.elasticsearch.bootstrap.Bootstrap.init(Bootstrap.java:434) ~[elasticsearch-7.16.3.jar:7.16.3]
	at org.elasticsearch.bootstrap.Elasticsearch.init(Elasticsearch.java:166) ~[elasticsearch-7.16.3.jar:7.16.3]
	... 6 more
[2022-08-25T12:26:35,101][INFO ][o.e.b.Bootstrap          ] [ENGAGE-POC-DEV] running graceful exit on windows
[2022-08-25T12:26:35,103][INFO ][o.e.n.Node               ] [ENGAGE-POC-DEV] stopping ...
[2022-08-25T12:26:38,729][INFO ][o.e.n.Node               ] [ENGAGE-POC-DEV] stopped
[2022-08-25T12:26:38,729][INFO ][o.e.n.Node               ] [ENGAGE-POC-DEV] closing ...
[2022-08-25T12:26:38,745][INFO ][o.e.n.Node               ] [ENGAGE-POC-DEV] closed
